[    1700ms] [WARNING] No processSignal function found. Have you written a processSignal function on app.segment.com? @ https://console.twilio.com/83386.4afda0e2f4aee846.js:33
[    1791ms] [LOG] Successfully initialized Amplitude Session Replay @ https://console.twilio.com/83386.4afda0e2f4aee846.js:676
[    1820ms] [LOG] Amplitude Experiment SDK initialized successfully. @ https://console.twilio.com/83386.4afda0e2f4aee846.js:676
[    3948ms] [WARNING] WS Not Connected @ https://console.twilio.com/83386.4afda0e2f4aee846.js:33
[    4136ms] [WARNING] Error converting to text AbortError: The user aborted a request. Response @ https://console.twilio.com/83386.4afda0e2f4aee846.js:18
[    4450ms] [LOG] Successfully initialized Amplitude Guides and Surveys @ https://console.twilio.com/83386.4afda0e2f4aee846.js:676
[    4529ms] [LOG] Successfully initialized Amplitude Session Replay @ https://console.twilio.com/83386.4afda0e2f4aee846.js:676
[    4529ms] [LOG] Successfully booted Amplitude Guides and Surveys @ https://console.twilio.com/83386.4afda0e2f4aee846.js:676
[    4666ms] [WARNING] WS Not Connected @ https://console.twilio.com/83386.4afda0e2f4aee846.js:33
[    4749ms] [WARNING] Error converting to text AbortError: The user aborted a request. Response @ https://console.twilio.com/83386.4afda0e2f4aee846.js:18
[    4767ms] [LOG] Successfully booted Amplitude Guides and Surveys @ https://console.twilio.com/83386.4afda0e2f4aee846.js:676
[    4975ms] [WARNING] Amplitude Engagement Logger [Warn]: User already booted, ignoring additional boot call. Call shutdown first if you want to boot a different user. @ https://cdn.amplitude.com/engagement-browser/prod/split/b34ccfb374060f9dd89a342cacaab825aa54eb40-chunk-JTV75SMK.js:12
[    4975ms] [LOG] Successfully booted Amplitude Guides and Surveys @ https://console.twilio.com/83386.4afda0e2f4aee846.js:676
[    5121ms] [WARNING] WS Not Connected @ https://console.twilio.com/83386.4afda0e2f4aee846.js:33
[    5195ms] [WARNING] Amplitude Engagement Logger [Warn]: User already booted, ignoring additional boot call. Call shutdown first if you want to boot a different user. @ https://cdn.amplitude.com/engagement-browser/prod/split/b34ccfb374060f9dd89a342cacaab825aa54eb40-chunk-JTV75SMK.js:12
[    5195ms] [LOG] Successfully booted Amplitude Guides and Surveys @ https://console.twilio.com/83386.4afda0e2f4aee846.js:676
[    5621ms] [WARNING] Error converting to text AbortError: The user aborted a request. Response @ https://console.twilio.com/83386.4afda0e2f4aee846.js:18
[    5952ms] [WARNING] Amplitude Engagement Logger [Warn]: User already booted, ignoring additional boot call. Call shutdown first if you want to boot a different user. @ https://cdn.amplitude.com/engagement-browser/prod/split/b34ccfb374060f9dd89a342cacaab825aa54eb40-chunk-JTV75SMK.js:12
[    5971ms] [WARNING] Amplitude Engagement Logger [Warn]: User already booted, ignoring additional boot call. Call shutdown first if you want to boot a different user. @ https://cdn.amplitude.com/engagement-browser/prod/split/b34ccfb374060f9dd89a342cacaab825aa54eb40-chunk-JTV75SMK.js:12
[    5971ms] [LOG] Successfully booted Amplitude Guides and Surveys @ https://console.twilio.com/83386.4afda0e2f4aee846.js:676
[    6221ms] [WARNING] Amplitude Engagement Logger [Warn]: User already booted, ignoring additional boot call. Call shutdown first if you want to boot a different user. @ https://cdn.amplitude.com/engagement-browser/prod/split/b34ccfb374060f9dd89a342cacaab825aa54eb40-chunk-JTV75SMK.js:12
[    6221ms] [LOG] Successfully booted Amplitude Guides and Surveys @ https://console.twilio.com/83386.4afda0e2f4aee846.js:676
[    6421ms] [WARNING] Amplitude Engagement Logger [Warn]: User already booted, ignoring additional boot call. Call shutdown first if you want to boot a different user. @ https://cdn.amplitude.com/engagement-browser/prod/split/b34ccfb374060f9dd89a342cacaab825aa54eb40-chunk-JTV75SMK.js:12
[    6421ms] [LOG] Successfully booted Amplitude Guides and Surveys @ https://console.twilio.com/83386.4afda0e2f4aee846.js:676
[    7798ms] [WARNING] Error converting to text AbortError: The user aborted a request. Response @ https://console.twilio.com/83386.4afda0e2f4aee846.js:18
[    8079ms] [VERBOSE] [DOM] Password field is not contained in a form: (More info: https://goo.gl/9p2vKq) @ https://console.twilio.com/:0
[   10004ms] [WARNING] Error converting to text AbortError: The user aborted a request. Response @ https://console.twilio.com/83386.4afda0e2f4aee846.js:18
[   24206ms] [WARNING] Amplitude Engagement Logger [Warn]: User already booted, ignoring additional boot call. Call shutdown first if you want to boot a different user. @ https://cdn.amplitude.com/engagement-browser/prod/split/b34ccfb374060f9dd89a342cacaab825aa54eb40-chunk-JTV75SMK.js:12
[   24206ms] [LOG] Successfully booted Amplitude Guides and Surveys @ https://console.twilio.com/83386.4afda0e2f4aee846.js:676
[   26958ms] [ERROR] Failed to load resource: the server responded with a status of 404 () @ https://www.twilio.com/console/billing/api/v4/mailing-address?addressType=2:0
[   27261ms] [ERROR] Failed to load resource: the server responded with a status of 404 () @ https://www.twilio.com/console/billing/api/v4/mailing-address?addressType=2:0
