[     996ms] [WARNING] No processSignal function found. Have you written a processSignal function on app.segment.com? @ https://console.twilio.com/83386.4afda0e2f4aee846.js:33
[    1021ms] [LOG] Successfully initialized Amplitude Session Replay @ https://console.twilio.com/83386.4afda0e2f4aee846.js:676
[    1043ms] [LOG] Amplitude Experiment SDK initialized successfully. @ https://console.twilio.com/83386.4afda0e2f4aee846.js:676
[    3143ms] [WARNING] WebSocket connection to 'wss://tsock.twilio.com/v3/wsconnect' failed: WebSocket is closed before the connection is established. @ https://console.twilio.com/87143.774bb956b40846f8.js:2
[    3147ms] [LOG] Successfully initialized Amplitude Guides and Surveys @ https://console.twilio.com/83386.4afda0e2f4aee846.js:676
[    3166ms] [LOG] Successfully initialized Amplitude Session Replay @ https://console.twilio.com/83386.4afda0e2f4aee846.js:676
[    3167ms] [LOG] Successfully booted Amplitude Guides and Surveys @ https://console.twilio.com/83386.4afda0e2f4aee846.js:676
[    3401ms] [LOG] Successfully booted Amplitude Guides and Surveys @ https://console.twilio.com/83386.4afda0e2f4aee846.js:676
[    3404ms] [LOG] Successfully booted Amplitude Guides and Surveys @ https://console.twilio.com/83386.4afda0e2f4aee846.js:676
[    3410ms] [LOG] Successfully booted Amplitude Guides and Surveys @ https://console.twilio.com/83386.4afda0e2f4aee846.js:676
[    3662ms] [WARNING] Amplitude Engagement Logger [Warn]: User already booted, ignoring additional boot call. Call shutdown first if you want to boot a different user. @ https://cdn.amplitude.com/engagement-browser/prod/split/b34ccfb374060f9dd89a342cacaab825aa54eb40-chunk-JTV75SMK.js:12
[    3662ms] [LOG] Successfully booted Amplitude Guides and Surveys @ https://console.twilio.com/83386.4afda0e2f4aee846.js:676
[    3937ms] [WARNING] Amplitude Engagement Logger [Warn]: User already booted, ignoring additional boot call. Call shutdown first if you want to boot a different user. @ https://cdn.amplitude.com/engagement-browser/prod/split/b34ccfb374060f9dd89a342cacaab825aa54eb40-chunk-JTV75SMK.js:12
[    3937ms] [WARNING] Amplitude Engagement Logger [Warn]: User already booted, ignoring additional boot call. Call shutdown first if you want to boot a different user. @ https://cdn.amplitude.com/engagement-browser/prod/split/b34ccfb374060f9dd89a342cacaab825aa54eb40-chunk-JTV75SMK.js:12
[    3937ms] [WARNING] Amplitude Engagement Logger [Warn]: User already booted, ignoring additional boot call. Call shutdown first if you want to boot a different user. @ https://cdn.amplitude.com/engagement-browser/prod/split/b34ccfb374060f9dd89a342cacaab825aa54eb40-chunk-JTV75SMK.js:12
[    4052ms] [ERROR] Failed to load resource: the server responded with a status of 404 () @ https://www.twilio.com/console/billing/api/v4/mailing-address?addressType=2:0
[    4376ms] [WARNING] Amplitude Engagement Logger [Warn]: User already booted, ignoring additional boot call. Call shutdown first if you want to boot a different user. @ https://cdn.amplitude.com/engagement-browser/prod/split/b34ccfb374060f9dd89a342cacaab825aa54eb40-chunk-JTV75SMK.js:12
[    4376ms] [LOG] Successfully booted Amplitude Guides and Surveys @ https://console.twilio.com/83386.4afda0e2f4aee846.js:676
[    4621ms] [ERROR] Failed to load resource: the server responded with a status of 404 () @ https://www.twilio.com/console/billing/api/v4/mailing-address?addressType=2:0
[    6138ms] [LOG] Sat Apr 18 2026 23:18:17 GMT+0300 (Israel Daylight Time) @ https://cdn.withpersona.com/build/assets/inquiry/sentry-J4E2CKUu.js:4
[    6138ms] [TABLE] [Object, Object, Object, Object, Object, Object, Object, Object, Object, Object, Object, Object, Object, Object, Object, Object, Object, Object, Object, Object, Object, Object, Object, Object, Object, Object, Object, Object, Object, Object, Object, Object, Object, Object, Object, Object, Object, Object, Object, Object, Object, Object, Object, Object, Object, Object, Object, Object, Object, Object] @ https://cdn.withpersona.com/build/assets/inquiry/inquiry-DbRS3ksD.js:288
[    6209ms] [LOG] [Object, Object, Object, Object, Object, Object, Object, Object, Object, Object, Object, Object, Object, Object, Object, Object, Object, Object, Object, Object, Object, Object, Object, Object, Object, Object, Object, Object, Object, Object, Object, Object, Object, Object, Object, Object, Object, Object, Object, Object, Object, Object, Object, Object, Object, Object, Object, Object, Object, Object] @ https://cdn.withpersona.com/build/assets/inquiry/sentry-J4E2CKUu.js:4
[ 3010970ms] [ERROR] Failed to load resource: the server responded with a status of 404 () @ https://www.twilio.com/console/billing/api/v4/mailing-address?addressType=2:0
[ 3018865ms] [ERROR] Failed to load resource: the server responded with a status of 404 () @ https://www.twilio.com/console/billing/api/v4/mailing-address?addressType=2:0
[ 5986152ms] [ERROR] Failed to load resource: the server responded with a status of 404 () @ https://www.twilio.com/console/billing/api/v4/mailing-address?addressType=2:0
